2018-06-23 13:14:01.374  INFO 1256 --- [main] com.upickem.UpickemApplication           : Starting UpickemApplication on DESKTOP-9GRDGK7 with PID 1256 (C:\Users\Kevin\upickem\target\classes started by Kevin in C:\Users\Kevin\upickem)
2018-06-23 13:14:01.377  INFO 1256 --- [main] com.upickem.UpickemApplication           : No active profile set, falling back to default profiles: default
2018-06-23 13:14:01.428  INFO 1256 --- [main] ationConfigEmbeddedWebApplicationContext : Refreshing org.springframework.boot.context.embedded.AnnotationConfigEmbeddedWebApplicationContext@62bd765: startup date [Sat Jun 23 13:14:01 EDT 2018]; root of context hierarchy
2018-06-23 13:14:02.240  INFO 1256 --- [main] trationDelegate$BeanPostProcessorChecker : Bean 'org.springframework.transaction.annotation.ProxyTransactionManagementConfiguration' of type [org.springframework.transaction.annotation.ProxyTransactionManagementConfiguration$$EnhancerBySpringCGLIB$$a591ca82] is not eligible for getting processed by all BeanPostProcessors (for example: not eligible for auto-proxying)
2018-06-23 13:14:02.737  INFO 1256 --- [main] s.b.c.e.t.TomcatEmbeddedServletContainer : Tomcat initialized with port(s): 8080 (http)
2018-06-23 13:14:02.759  INFO 1256 --- [main] o.apache.catalina.core.StandardService   : Starting service [Tomcat]
2018-06-23 13:14:02.759  INFO 1256 --- [main] org.apache.catalina.core.StandardEngine  : Starting Servlet Engine: Apache Tomcat/8.5.31
2018-06-23 13:14:02.871  INFO 1256 --- [localhost-startStop-1] o.a.c.c.C.[Tomcat].[localhost].[/]       : Initializing Spring embedded WebApplicationContext
2018-06-23 13:14:02.877  INFO 1256 --- [localhost-startStop-1] o.s.web.context.ContextLoader            : Root WebApplicationContext: initialization completed in 1451 ms
2018-06-23 13:14:03.029  INFO 1256 --- [localhost-startStop-1] o.s.b.w.servlet.ServletRegistrationBean  : Mapping servlet: 'dispatcherServlet' to [/]
2018-06-23 13:14:03.030  INFO 1256 --- [localhost-startStop-1] o.s.b.w.servlet.ServletRegistrationBean  : Mapping servlet: 'webServlet' to [/h2/*]
2018-06-23 13:14:03.034  INFO 1256 --- [localhost-startStop-1] o.s.b.w.servlet.FilterRegistrationBean   : Mapping filter: 'characterEncodingFilter' to: [/*]
2018-06-23 13:14:03.041  INFO 1256 --- [localhost-startStop-1] o.s.b.w.servlet.FilterRegistrationBean   : Mapping filter: 'hiddenHttpMethodFilter' to: [/*]
2018-06-23 13:14:03.041  INFO 1256 --- [localhost-startStop-1] o.s.b.w.servlet.FilterRegistrationBean   : Mapping filter: 'httpPutFormContentFilter' to: [/*]
2018-06-23 13:14:03.041  INFO 1256 --- [localhost-startStop-1] o.s.b.w.servlet.FilterRegistrationBean   : Mapping filter: 'requestContextFilter' to: [/*]
2018-06-23 13:14:03.433  INFO 1256 --- [main] j.LocalContainerEntityManagerFactoryBean : Building JPA container EntityManagerFactory for persistence unit 'default'
2018-06-23 13:14:03.450  INFO 1256 --- [main] o.hibernate.jpa.internal.util.LogHelper  : HHH000204: Processing PersistenceUnitInfo [
	name: default
	...]
2018-06-23 13:14:03.507  INFO 1256 --- [main] org.hibernate.Version                    : HHH000412: Hibernate Core {5.0.12.Final}
2018-06-23 13:14:03.508  INFO 1256 --- [main] org.hibernate.cfg.Environment            : HHH000206: hibernate.properties not found
2018-06-23 13:14:03.509  INFO 1256 --- [main] org.hibernate.cfg.Environment            : HHH000021: Bytecode provider name : javassist
2018-06-23 13:14:03.546  INFO 1256 --- [main] o.hibernate.annotations.common.Version   : HCANN000001: Hibernate Commons Annotations {5.0.1.Final}
2018-06-23 13:14:03.705  INFO 1256 --- [main] org.hibernate.dialect.Dialect            : HHH000400: Using dialect: org.hibernate.dialect.H2Dialect
2018-06-23 13:14:03.864  WARN 1256 --- [main] o.h.b.i.SessionFactoryBuilderImpl        : Unrecognized hbm2ddl_auto value : true.  Supported values include create, create-drop, update, and validate.  Ignoring
2018-06-23 13:14:04.044  INFO 1256 --- [main] j.LocalContainerEntityManagerFactoryBean : Initialized JPA EntityManagerFactory for persistence unit 'default'
2018-06-23 13:14:04.466  INFO 1256 --- [main] s.w.s.m.m.a.RequestMappingHandlerAdapter : Looking for @ControllerAdvice: org.springframework.boot.context.embedded.AnnotationConfigEmbeddedWebApplicationContext@62bd765: startup date [Sat Jun 23 13:14:01 EDT 2018]; root of context hierarchy
2018-06-23 13:14:04.525  INFO 1256 --- [main] s.w.s.m.m.a.RequestMappingHandlerMapping : Mapped "{[/]}" onto org.springframework.web.servlet.view.RedirectView com.upickem.controller.HomeController.redirectToIndex()
2018-06-23 13:14:04.526  INFO 1256 --- [main] s.w.s.m.m.a.RequestMappingHandlerMapping : Mapped "{[/api/v1/login],methods=[POST]}" onto org.springframework.http.ResponseEntity<java.util.HashMap<java.lang.String, java.lang.Boolean>> com.upickem.controller.LoginController.login(com.upickem.model.Login)
2018-06-23 13:14:04.528  INFO 1256 --- [main] s.w.s.m.m.a.RequestMappingHandlerMapping : Mapped "{[/error]}" onto public org.springframework.http.ResponseEntity<java.util.Map<java.lang.String, java.lang.Object>> org.springframework.boot.autoconfigure.web.BasicErrorController.error(javax.servlet.http.HttpServletRequest)
2018-06-23 13:14:04.528  INFO 1256 --- [main] s.w.s.m.m.a.RequestMappingHandlerMapping : Mapped "{[/error],produces=[text/html]}" onto public org.springframework.web.servlet.ModelAndView org.springframework.boot.autoconfigure.web.BasicErrorController.errorHtml(javax.servlet.http.HttpServletRequest,javax.servlet.http.HttpServletResponse)
2018-06-23 13:14:04.560  INFO 1256 --- [main] o.s.w.s.handler.SimpleUrlHandlerMapping  : Mapped URL path [/webjars/**] onto handler of type [class org.springframework.web.servlet.resource.ResourceHttpRequestHandler]
2018-06-23 13:14:04.560  INFO 1256 --- [main] o.s.w.s.handler.SimpleUrlHandlerMapping  : Mapped URL path [/**] onto handler of type [class org.springframework.web.servlet.resource.ResourceHttpRequestHandler]
2018-06-23 13:14:04.600  INFO 1256 --- [main] o.s.w.s.handler.SimpleUrlHandlerMapping  : Mapped URL path [/**/favicon.ico] onto handler of type [class org.springframework.web.servlet.resource.ResourceHttpRequestHandler]
2018-06-23 13:14:04.623  INFO 1256 --- [main] oConfiguration$WelcomePageHandlerMapping : Adding welcome page: class path resource [static/index.html]
2018-06-23 13:14:04.809  INFO 1256 --- [main] o.s.j.e.a.AnnotationMBeanExporter        : Registering beans for JMX exposure on startup
2018-06-23 13:14:04.845  INFO 1256 --- [main] s.b.c.e.t.TomcatEmbeddedServletContainer : Tomcat started on port(s): 8080 (http)
2018-06-23 13:14:04.849  INFO 1256 --- [main] com.upickem.UpickemApplication           : Started UpickemApplication in 3.718 seconds (JVM running for 4.012)
2018-06-23 13:14:08.504  INFO 1256 --- [http-nio-8080-exec-1] o.a.c.c.C.[Tomcat].[localhost].[/]       : Initializing Spring FrameworkServlet 'dispatcherServlet'
2018-06-23 13:14:08.509  INFO 1256 --- [http-nio-8080-exec-1] o.s.web.servlet.DispatcherServlet        : FrameworkServlet 'dispatcherServlet': initialization started
2018-06-23 13:14:08.529  INFO 1256 --- [http-nio-8080-exec-1] o.s.web.servlet.DispatcherServlet        : FrameworkServlet 'dispatcherServlet': initialization completed in 16 ms
